ex7.c: In function ‘preencher’:
ex7.c:19:9: warning: implicit declaration of function ‘malloc’ [-Wimplicit-function-declaration]
         p1 = malloc(sizeof(sorteios));
         ^
ex7.c:19:14: warning: incompatible implicit declaration of built-in function ‘malloc’
         p1 = malloc(sizeof(sorteios));
              ^
ex7.c:21:9: warning: format ‘%d’ expects argument of type ‘int *’, but argument 2 has type ‘int’ [-Wformat=]
         scanf("%d %d %d %d %d %d %d %d %d %f", p1->sorteio, aux, p1->dezena1, p1->dezena2, p1->dezena3, p1->dezena4, p1->dezena5, p1->dezena6, p1->ganhadores, p1->premio);
         ^
ex7.c:21:9: warning: format ‘%d’ expects argument of type ‘int *’, but argument 3 has type ‘int’ [-Wformat=]
ex7.c:21:9: warning: format ‘%d’ expects argument of type ‘int *’, but argument 4 has type ‘int’ [-Wformat=]
ex7.c:21:9: warning: format ‘%d’ expects argument of type ‘int *’, but argument 5 has type ‘int’ [-Wformat=]
ex7.c:21:9: warning: format ‘%d’ expects argument of type ‘int *’, but argument 6 has type ‘int’ [-Wformat=]
ex7.c:21:9: warning: format ‘%d’ expects argument of type ‘int *’, but argument 7 has type ‘int’ [-Wformat=]
ex7.c:21:9: warning: format ‘%d’ expects argument of type ‘int *’, but argument 8 has type ‘int’ [-Wformat=]
ex7.c:21:9: warning: format ‘%d’ expects argument of type ‘int *’, but argument 9 has type ‘int’ [-Wformat=]
ex7.c:21:9: warning: format ‘%d’ expects argument of type ‘int *’, but argument 10 has type ‘int’ [-Wformat=]
ex7.c:21:9: warning: format ‘%f’ expects argument of type ‘float *’, but argument 11 has type ‘double’ [-Wformat=]
ex7.c:21:9: warning: ‘aux’ may be used uninitialized in this function [-Wmaybe-uninitialized]
